2018-07-10 10:27:52 ERROR Properties::load open file failed .\reaper.cfg
2018-07-10 10:27:52 INFO Configuration::parseApplicationInfo IE setting will be initialized in async
2018-07-10 10:27:52 INFO System::getMacAddressNew adapter: name=Microsoft Wi-Fi Direct Virtual Adapter, mac=e4029b016397, ifType=71
2018-07-10 10:27:52 ERROR Failed to initialize COM libraray. Error code = 0x80010106
2018-07-10 10:27:52 ERROR Failed to initialize COM libraray. Error code = 0x80010106
2018-07-10 10:27:52 INFO TaskExecutor::init thread 1 threadId=[5316]
2018-07-10 10:27:52 INFO TaskExecutor::init succeed. size=1
2018-07-10 10:27:52 DEBUG TaskExecutor::_threadFunc[5316] enter
2018-07-10 10:27:52 INFO TaskExecutor::init thread 1 threadId=[16964]
2018-07-10 10:27:52 DEBUG TaskExecutor::_threadFunc[16964] enter
2018-07-10 10:27:52 INFO TaskExecutor::init succeed. size=1
2018-07-10 10:27:52 INFO Configuration::asyncIESetting null proxy url
2018-07-10 10:27:52 DEBUG await [5316] 20
2018-07-10 10:27:52 WARN ConfigurationUpdateTask::check server post url is null.
2018-07-10 10:27:52 DEBUG await [5316] 0
2018-07-10 10:27:52 INFO FileStorage::open file .\log\lenovo_reaper.db7 created
2018-07-10 10:27:52 INFO FileStorage::open file .\log\lenovo_reaper.db7 open succeed
2018-07-10 10:27:52 DEBUG FileStorage::readRecord read 0 characters
2018-07-10 10:27:52 INFO FileEventDaoImpl::activeSession DB init
2018-07-10 10:27:52 DEBUG FileStorage::position failed offset=0, tellg=-1, tellp=-1
2018-07-10 10:27:52 DEBUG FileStorage::position again offset=0, tellg=0, tellp=0
2018-07-10 10:27:52 DEBUG FileStorage::writeRecord write 70 characters
2018-07-10 10:27:52 DEBUG await [16964] 21
2018-07-10 10:27:52 WARN ConfigurationUpdateTask::check server post url is null.
2018-07-10 10:27:52 INFO AnalyticsTracker::trackInitial sdkVersion=10.1.34, isInit2=0
2018-07-10 10:27:52 DEBUG FileStorage::writeRecord write 107 characters
2018-07-10 10:27:52 DEBUG FileStorage::writeRecord write 70 characters
2018-07-10 10:27:52 DEBUG await [16964] 2
2018-07-10 10:27:52 DEBUG FileStorage::writeRecord write 210 characters
2018-07-10 10:27:52 DEBUG FileStorage::writeRecord write 70 characters
2018-07-10 10:27:52 DEBUG await [5316] 0
2018-07-10 10:27:52 DEBUG FileStorage::readRecord read 4096 characters
2018-07-10 10:27:52 DEBUG FileStorage::readRecord read 209 characters
2018-07-10 10:27:52 DEBUG HttpRequestHandler::postEvents enter listSize=2
2018-07-10 10:27:52 INFO AnalyticsTracker::sendEvents no reported event.
2018-07-10 10:27:52 WARN ConfigurationUpdateTask::check server post url is null.
2018-07-10 10:27:52 DEBUG FileStorage::position failed offset=4096, tellg=-1, tellp=-1
2018-07-10 10:27:52 DEBUG FileStorage::position again offset=4096, tellg=4096, tellp=4096
2018-07-10 10:27:52 DEBUG FileStorage::readRecord read 4096 characters
2018-07-10 10:27:52 DEBUG FileStorage::readRecord read 209 characters
2018-07-10 10:27:52 DEBUG HttpRequestHandler::postEvents enter listSize=2
2018-07-10 10:27:52 INFO AnalyticsTracker::sendEvents no reported event.
2018-07-10 10:27:52 DEBUG await [16964] 0
2018-07-10 10:46:36 INFO AnalyticsTracker::syncExit enter
2018-07-10 10:46:36 DEBUG FileStorage::position failed offset=12288, tellg=-1, tellp=-1
2018-07-10 10:46:36 DEBUG FileStorage::position again offset=12288, tellg=-1, tellp=-1
2018-07-10 10:46:36 ERROR FileStorage::writeRecord failed because file is not open
2018-07-10 10:46:36 ERROR FileStorage::position 0 failed because file is not open
2018-07-10 10:46:36 ERROR FileStorage::writeRecord failed because file is not open
2018-07-10 10:46:36 ERROR FileStorage::flush failed because file is not open
2018-07-10 10:46:36 INFO AnalyticsTracker::syncExit returned after 1 ms
2018-07-10 10:46:36 DEBUG TaskExecutor::notifyAllAndWait WaitForMultipleObjects returned
2018-07-10 10:46:36 INFO TaskExecutor::notifyAllAndWait finished
2018-07-10 10:46:36 DEBUG TaskExecutor::notifyAllAndWait WaitForMultipleObjects returned
2018-07-10 10:46:36 INFO TaskExecutor::notifyAllAndWait finished
2018-07-10 10:46:36 INFO AnalyticsTracker::~AnalyticsTracker finished
2018-07-10 10:46:36 INFO TaskExecutor::~TaskExecutor finished
2018-07-10 10:46:36 INFO TaskExecutor::~TaskExecutor finished
